{
  "RSpec": {
    "coverage": {
      "/Users/elizabethsecor/Documents/Turing/4module/projects/lookingforme/app/helpers/application_helper.rb": [
        1,
        null
      ],
      "/Users/elizabethsecor/Documents/Turing/4module/projects/lookingforme/app/controllers/api/v1/jobs_controller.rb": [
        1,
        null,
        1,
        5,
        null,
        null
      ],
      "/Users/elizabethsecor/Documents/Turing/4module/projects/lookingforme/app/controllers/application_controller.rb": [
        1,
        null,
        null,
        1,
        null
      ],
      "/Users/elizabethsecor/Documents/Turing/4module/projects/lookingforme/app/controllers/home_controller.rb": [
        1,
        1,
        8,
        8,
        8,
        null,
        null
      ],
      "/Users/elizabethsecor/Documents/Turing/4module/projects/lookingforme/app/decorators/job_decorator.rb": [
        1,
        1,
        1,
        null,
        1,
        30,
        null,
        null,
        1,
        30,
        null,
        null,
        1,
        37,
        null,
        null,
        1,
        30,
        null,
        null
      ],
      "/Users/elizabethsecor/Documents/Turing/4module/projects/lookingforme/app/decorators/application_decorator.rb": [
        1,
        1,
        8,
        null,
        null
      ],
      "/Users/elizabethsecor/Documents/Turing/4module/projects/lookingforme/app/models/job.rb": [
        1,
        1,
        284,
        null,
        6,
        1,
        1,
        null,
        1,
        283,
        null,
        null,
        1,
        181,
        181,
        null,
        null
      ],
      "/Users/elizabethsecor/Documents/Turing/4module/projects/lookingforme/app/models/company.rb": [
        1,
        1,
        1,
        null
      ],
      "/Users/elizabethsecor/Documents/Turing/4module/projects/lookingforme/app/models/technology.rb": [
        1,
        1,
        1,
        14,
        null
      ],
      "/Users/elizabethsecor/Documents/Turing/4module/projects/lookingforme/app/services/authentic_jobs_service.rb": [
        1,
        1,
        2,
        2,
        null,
        null,
        1,
        2,
        31,
        31,
        null,
        null,
        null,
        1,
        null,
        null,
        null,
        null,
        null,
        null,
        null,
        null,
        null,
        null,
        null,
        null,
        32,
        null,
        null,
        1,
        33,
        33,
        null,
        0,
        null,
        null,
        null,
        1,
        67,
        60,
        7,
        7,
        null,
        0,
        null,
        null,
        null,
        1,
        67,
        null,
        null,
        1,
        34,
        39,
        39,
        null,
        34,
        null,
        null,
        1,
        5,
        5,
        null,
        null,
        1,
        5,
        5,
        5,
        5,
        5,
        5,
        null,
        null,
        1,
        6,
        null,
        null,
        1,
        null,
        1,
        5,
        null,
        null
      ],
      "/Users/elizabethsecor/Documents/Turing/4module/projects/lookingforme/app/services/job_fetcher.rb": [
        1,
        1,
        139,
        null,
        null,
        1,
        175,
        175,
        null,
        null,
        1,
        null,
        175,
        null,
        null,
        1,
        179,
        null,
        179,
        null,
        null,
        1,
        32,
        null,
        null
      ],
      "/Users/elizabethsecor/Documents/Turing/4module/projects/lookingforme/app/services/stack_overflow.rb": [
        1,
        1,
        null,
        1,
        null,
        1,
        8,
        null,
        null,
        1,
        1,
        1,
        1,
        null,
        null,
        null,
        1,
        1,
        139,
        139,
        null,
        null,
        null,
        1,
        null,
        null,
        null,
        null,
        null,
        null,
        null,
        null,
        null,
        null,
        null,
        null,
        139,
        null,
        null,
        1,
        141,
        142,
        null,
        null,
        1,
        141,
        142,
        null,
        null,
        1,
        142,
        null,
        null,
        1,
        null,
        1,
        139,
        null,
        null,
        1,
        1,
        1,
        null,
        null
      ],
      "/Users/elizabethsecor/Documents/Turing/4module/projects/lookingforme/app/services/we_work_remotely.rb": [
        1,
        1,
        null,
        1,
        1,
        1,
        1,
        null,
        1,
        0,
        0,
        0,
        null,
        null,
        null,
        1,
        0,
        0,
        0,
        null,
        null,
        null,
        1,
        0,
        0,
        null,
        null,
        null,
        null,
        null,
        null,
        null,
        null,
        null,
        null,
        null,
        null,
        null,
        0,
        null,
        null,
        null,
        1,
        0,
        0,
        null,
        null,
        1,
        2,
        3,
        null,
        null,
        1,
        5,
        20,
        20,
        null,
        null,
        null,
        1,
        2,
        3,
        null,
        null,
        1,
        2,
        2,
        null,
        null,
        1,
        2,
        null,
        null,
        1,
        0,
        0,
        null,
        null
      ],
      "/Users/elizabethsecor/Documents/Turing/4module/projects/lookingforme/app/serializers/job_serializer.rb": [
        1,
        1,
        1,
        null
      ],
      "/Users/elizabethsecor/Documents/Turing/4module/projects/lookingforme/app/serializers/company_serializer.rb": [
        1,
        1,
        null
      ],
      "/Users/elizabethsecor/Documents/Turing/4module/projects/lookingforme/app/decorators/paginating_decorator.rb": [
        1,
        1,
        null
      ]
    },
    "timestamp": 1460656323
  }
}
